<?xml version="1.0" encoding="UTF-8"?>
<!-- Generated by org.testng.reporters.JUnitReportReporter -->
<testsuite hostname="DESKTOP-E6GEFDQ" failures="0" tests="1" name="JavaProgs97.Programs97" time="0.018" errors="0" timestamp="2023-10-12T11:31:54 IST" skipped="0">
  <testcase classname="JavaProgs97.Programs97" name="pg_61" time="0.018"/>
  <system-out/>
</testsuite> <!-- JavaProgs97.Programs97 -->
